2025-04-01 11:33:30 [INFO]: Server running on port 5000
2025-04-01 11:33:31 [INFO]: Server running on port 5000
2025-04-01 11:33:32 [INFO]: Connected to mongodb
2025-04-01 11:33:43 [INFO]: Server running on port 5000
2025-04-01 11:33:43 [INFO]: Connected to mongodb
2025-04-01 11:33:48 [INFO]: Server running on port 5000
2025-04-01 11:33:48 [INFO]: Connected to mongodb
2025-04-01 11:33:50 [INFO]: Server running on port 5000
2025-04-01 11:33:50 [INFO]: Connected to mongodb
2025-04-01 11:33:56 [INFO]: Server running on port 5000
2025-04-01 11:33:57 [INFO]: Connected to mongodb
2025-04-01 11:34:02 [INFO]: Server running on port 5000
2025-04-01 11:34:02 [INFO]: Connected to mongodb
2025-04-01 11:34:24 [INFO]: Server running on port 5000
2025-04-01 11:34:25 [INFO]: Connected to mongodb
2025-04-01 11:34:31 [INFO]: Server running on port 5000
2025-04-01 11:34:31 [INFO]: Connected to mongodb
2025-04-01 11:34:56 [INFO]: Server running on port 5000
2025-04-01 11:34:57 [INFO]: Connected to mongodb
2025-04-01 11:35:45 [INFO]: Server running on port 5000
2025-04-01 11:35:46 [INFO]: Connected to mongodb
2025-04-01 11:38:04 [INFO]: Server running on port 5000
2025-04-01 11:38:04 [INFO]: Connected to mongodb
2025-04-01 11:38:10 [INFO]: Server running on port 5000
2025-04-01 11:38:11 [INFO]: Connected to mongodb
2025-04-01 11:38:12 [INFO]: Server running on port 5000
2025-04-01 11:38:14 [INFO]: Server running on port 5000
2025-04-01 11:38:15 [INFO]: Connected to mongodb
2025-04-01 11:38:19 [INFO]: Server running on port 5000
2025-04-01 11:38:20 [INFO]: Connected to mongodb
2025-04-01 11:38:26 [INFO]: Server running on port 5000
2025-04-01 11:38:26 [INFO]: Connected to mongodb
2025-04-01 11:38:32 [INFO]: Server running on port 5000
2025-04-01 11:38:33 [INFO]: Connected to mongodb
2025-04-01 11:38:37 [INFO]: Server running on port 5000
2025-04-01 11:38:38 [INFO]: Connected to mongodb
2025-04-01 11:38:43 [INFO]: Server running on port 5000
2025-04-01 11:38:44 [INFO]: Connected to mongodb
2025-04-01 11:38:47 [INFO]: Server running on port 5000
2025-04-01 11:38:48 [INFO]: Connected to mongodb
2025-04-01 11:38:57 [INFO]: Server running on port 5000
2025-04-01 11:38:58 [INFO]: Connected to mongodb
2025-04-01 11:39:03 [INFO]: Server running on port 5000
2025-04-01 11:39:03 [INFO]: Connected to mongodb
2025-04-01 11:39:09 [INFO]: Server running on port 5000
2025-04-01 11:39:09 [INFO]: Connected to mongodb
2025-04-01 11:39:11 [INFO]: Server running on port 5000
2025-04-01 11:39:12 [INFO]: Server running on port 5000
2025-04-01 11:39:14 [INFO]: Server running on port 5000
2025-04-01 11:39:15 [INFO]: Connected to mongodb
2025-04-01 11:39:21 [INFO]: Server running on port 5000
2025-04-01 11:39:22 [INFO]: Connected to mongodb
2025-04-01 11:40:24 [INFO]: Server running on port 5000
2025-04-01 11:40:24 [INFO]: Connected to mongodb
2025-04-01 11:40:29 [INFO]: Server running on port 5000
2025-04-01 11:40:29 [INFO]: Connected to mongodb
2025-04-01 11:40:33 [INFO]: Server running on port 5000
2025-04-01 11:40:34 [INFO]: Connected to mongodb
2025-04-01 11:40:35 [INFO]: Server running on port 5000
2025-04-01 11:40:36 [INFO]: Connected to mongodb
2025-04-01 11:40:39 [INFO]: Server running on port 5000
2025-04-01 11:40:40 [INFO]: Server running on port 5000
2025-04-01 11:40:41 [INFO]: Connected to mongodb
2025-04-01 11:40:49 [INFO]: Server running on port 5000
2025-04-01 11:40:50 [INFO]: Connected to mongodb
2025-04-01 11:40:54 [INFO]: Server running on port 5000
2025-04-01 11:40:55 [INFO]: Connected to mongodb
2025-04-01 11:40:59 [INFO]: Server running on port 5000
2025-04-01 11:41:00 [INFO]: Connected to mongodb
2025-04-01 11:41:01 [INFO]: Server running on port 5000
2025-04-01 11:41:02 [INFO]: Connected to mongodb
2025-04-01 11:42:43 [INFO]: Server running on port 5000
2025-04-01 11:42:44 [INFO]: Connected to mongodb
2025-04-01 11:43:02 [INFO]: Server running on port 5000
2025-04-01 11:43:03 [INFO]: Connected to mongodb
2025-04-01 11:43:33 [INFO]: Server running on port 5000
2025-04-01 11:43:34 [INFO]: Connected to mongodb
2025-04-01 11:44:35 [INFO]: Server running on port 5000
2025-04-01 11:44:36 [INFO]: Connected to mongodb
2025-04-01 11:45:30 [INFO]: Server running on port 5000
2025-04-01 11:45:31 [INFO]: Connected to mongodb
2025-04-01 11:46:05 [INFO]: Server running on port 5000
2025-04-01 11:46:06 [INFO]: Connected to mongodb
2025-04-01 11:46:37 [INFO]: Server running on port 5000
2025-04-01 11:46:38 [INFO]: Connected to mongodb
2025-04-01 11:47:01 [INFO]: Server running on port 5000
2025-04-01 11:47:03 [INFO]: Server running on port 5000
2025-04-01 11:47:03 [INFO]: Connected to mongodb
2025-04-01 11:47:09 [INFO]: Server running on port 5000
2025-04-01 11:47:09 [INFO]: Connected to mongodb
2025-04-01 11:47:11 [INFO]: Server running on port 5000
2025-04-01 11:47:12 [INFO]: Connected to mongodb
2025-04-01 11:48:01 [INFO]: Server running on port 5000
2025-04-01 11:48:02 [INFO]: Server running on port 5000
2025-04-01 11:48:02 [INFO]: Connected to mongodb
2025-04-01 11:48:08 [INFO]: Server running on port 5000
2025-04-01 11:48:10 [INFO]: Server running on port 5000
2025-04-01 11:48:10 [INFO]: Connected to mongodb
2025-04-01 11:48:17 [INFO]: Server running on port 5000
2025-04-01 11:48:18 [INFO]: Connected to mongodb
2025-04-01 11:48:20 [INFO]: Server running on port 5000
2025-04-01 11:48:21 [INFO]: Server running on port 5000
2025-04-01 11:48:22 [INFO]: Server running on port 5000
2025-04-01 11:48:23 [INFO]: Connected to mongodb
2025-04-01 11:48:25 [INFO]: Server running on port 5000
2025-04-01 11:48:26 [INFO]: Connected to mongodb
2025-04-01 11:48:28 [INFO]: Server running on port 5000
2025-04-01 11:48:29 [INFO]: Server running on port 5000
2025-04-01 11:48:30 [INFO]: Connected to mongodb
2025-04-01 11:48:35 [INFO]: Server running on port 5000
2025-04-01 11:48:35 [INFO]: Connected to mongodb
2025-04-01 11:48:41 [INFO]: Server running on port 5000
2025-04-01 11:48:41 [INFO]: Connected to mongodb
2025-04-01 11:48:47 [INFO]: Server running on port 5000
2025-04-01 11:48:48 [INFO]: Connected to mongodb
2025-04-01 11:48:51 [INFO]: Server running on port 5000
2025-04-01 11:48:51 [INFO]: Connected to mongodb
2025-04-01 11:48:53 [INFO]: Server running on port 5000
2025-04-01 11:48:54 [INFO]: Connected to mongodb
2025-04-01 11:48:55 [INFO]: Server running on port 5000
2025-04-01 11:48:56 [INFO]: Connected to mongodb
2025-04-01 11:49:09 [INFO]: Server running on port 5000
2025-04-01 11:49:10 [INFO]: Connected to mongodb
2025-04-01 11:49:14 [INFO]: Server running on port 5000
2025-04-01 11:49:15 [INFO]: Connected to mongodb
2025-04-01 11:49:16 [INFO]: Server running on port 5000
2025-04-01 11:49:16 [INFO]: Connected to mongodb
2025-04-01 11:49:19 [INFO]: Server running on port 5000
2025-04-01 11:49:20 [INFO]: Connected to mongodb
2025-04-01 11:49:23 [INFO]: Server running on port 5000
2025-04-01 11:49:23 [INFO]: Connected to mongodb
2025-04-01 11:49:28 [INFO]: Server running on port 5000
2025-04-01 11:49:29 [INFO]: Connected to mongodb
2025-04-01 11:49:31 [INFO]: Server running on port 5000
2025-04-01 11:49:32 [INFO]: Connected to mongodb
2025-04-01 11:49:37 [INFO]: Server running on port 5000
2025-04-01 11:49:37 [INFO]: Connected to mongodb
2025-04-01 11:49:39 [INFO]: Server running on port 5000
2025-04-01 11:49:39 [INFO]: Connected to mongodb
2025-04-01 11:49:52 [INFO]: Server running on port 5000
2025-04-01 11:49:52 [INFO]: Connected to mongodb
2025-04-01 11:50:06 [INFO]: Server running on port 5000
2025-04-01 11:50:07 [INFO]: Connected to mongodb
2025-04-01 11:50:10 [INFO]: Server running on port 5000
2025-04-01 11:50:11 [INFO]: Server running on port 5000
2025-04-01 11:50:11 [INFO]: Connected to mongodb
2025-04-01 11:50:17 [INFO]: Server running on port 5000
2025-04-01 11:50:17 [INFO]: Connected to mongodb
2025-04-01 11:50:21 [INFO]: Server running on port 5000
2025-04-01 11:50:21 [INFO]: Connected to mongodb
2025-04-01 11:55:45 [INFO]: Server running on port 5000
2025-04-01 11:55:45 [INFO]: Connected to mongodb
2025-04-01 11:56:50 [INFO]: Server running on port 5000
2025-04-01 11:56:50 [INFO]: Connected to mongodb
2025-04-01 11:57:39 [INFO]: Server running on port 5000
2025-04-01 11:57:40 [INFO]: Connected to mongodb
2025-04-01 11:57:43 [INFO]: Server running on port 5000
2025-04-01 11:57:44 [INFO]: Connected to mongodb
2025-04-01 11:58:43 [INFO]: Server running on port 5000
2025-04-01 11:58:43 [INFO]: Connected to mongodb
2025-04-01 11:58:47 [INFO]: Server running on port 5000
2025-04-01 11:58:48 [INFO]: Connected to mongodb
2025-04-01 11:59:56 [INFO]: Server running on port 5001
2025-04-01 11:59:57 [INFO]: Connected to mongodb
2025-04-01 12:00:02 [INFO]: Retrieved list of all users (total: 0)
2025-04-01 12:00:02 [INFO]: ::1 - - [01/Apr/2025:04:00:02 +0000] "GET /api/users HTTP/1.1" 200 2 "-" "PostmanRuntime/7.43.3"
2025-04-01 12:00:06 [INFO]: ::1 - - [01/Apr/2025:04:00:06 +0000] "POST /api/users HTTP/1.1" 404 149 "-" "PostmanRuntime/7.43.3"
2025-04-01 12:00:10 [INFO]: ::1 - - [01/Apr/2025:04:00:10 +0000] "POST /api/users HTTP/1.1" 404 149 "-" "PostmanRuntime/7.43.3"
2025-04-01 12:00:30 [INFO]: Server running on port 5001
2025-04-01 12:00:30 [INFO]: Connected to mongodb
2025-04-01 12:00:47 [INFO]: ::1 - - [01/Apr/2025:04:00:47 +0000] "POST /api/users HTTP/1.1" 404 149 "-" "PostmanRuntime/7.43.3"
2025-04-01 12:00:48 [INFO]: ::1 - - [01/Apr/2025:04:00:48 +0000] "POST /api/users HTTP/1.1" 404 149 "-" "PostmanRuntime/7.43.3"
2025-04-01 12:00:49 [INFO]: ::1 - - [01/Apr/2025:04:00:49 +0000] "POST /api/users HTTP/1.1" 404 149 "-" "PostmanRuntime/7.43.3"
2025-04-01 12:00:49 [INFO]: ::1 - - [01/Apr/2025:04:00:49 +0000] "POST /api/users HTTP/1.1" 404 149 "-" "PostmanRuntime/7.43.3"
2025-04-01 12:00:51 [INFO]: ::1 - - [01/Apr/2025:04:00:51 +0000] "POST /api/users HTTP/1.1" 404 149 "-" "PostmanRuntime/7.43.3"
2025-04-01 12:01:01 [INFO]: Retrieved list of all users (total: 0)
2025-04-01 12:01:01 [INFO]: ::1 - - [01/Apr/2025:04:01:01 +0000] "GET /api/users HTTP/1.1" 200 2 "-" "Mozilla/5.0 (Windows NT 10.0; Win64; x64) AppleWebKit/537.36 (KHTML, like Gecko) Chrome/134.0.0.0 Safari/537.36 Edg/134.0.0.0"
2025-04-01 12:01:01 [INFO]: ::1 - - [01/Apr/2025:04:01:01 +0000] "GET /favicon.ico HTTP/1.1" 404 150 "http://localhost:5001/api/users" "Mozilla/5.0 (Windows NT 10.0; Win64; x64) AppleWebKit/537.36 (KHTML, like Gecko) Chrome/134.0.0.0 Safari/537.36 Edg/134.0.0.0"
2025-04-01 12:01:16 [INFO]: Server running on port 5001
2025-04-01 12:01:17 [INFO]: Connected to mongodb
2025-04-01 12:01:21 [INFO]: ::1 - - [01/Apr/2025:04:01:21 +0000] "POST /api/users HTTP/1.1" 404 149 "-" "PostmanRuntime/7.43.3"
2025-04-01 12:01:22 [INFO]: ::1 - - [01/Apr/2025:04:01:22 +0000] "POST /api/users HTTP/1.1" 404 149 "-" "PostmanRuntime/7.43.3"
